<?xml version="1.0" encoding="UTF-8"?>
<!-- Generated by org.testng.reporters.JUnitReportReporter -->
<testsuite hostname="NODE1263" failures="0" tests="1" name="tests.NewTest" time="25.467" errors="0" timestamp="2021-05-14T17:53:59 IST" skipped="0">
  <testcase classname="tests.NewTest" name="openMyBlog" time="25.467"/>
  <system-out/>
</testsuite> <!-- tests.NewTest -->
